----------------------------------------------------------------
Wed May 23 11:19:36 ART 2018:
Booting Derby version The Apache Software Foundation - Apache Derby - 10.14.1.0 - (1808820): instance a816c00e-0163-8d5e-9689-00000e3ddb30 
on database directory E:\PlanesDePago\misueniohogar with class loader sun.misc.Launcher$AppClassLoader@355da254 
Loaded from file:/C:/Users/alkim/.m2/repository/org/apache/derby/derby/10.14.1.0/derby-10.14.1.0.jar
java.vendor=Oracle Corporation
java.runtime.version=1.8.0_121-b13
user.dir=E:\PlanesDePago
os.name=Windows 10
os.arch=amd64
os.version=10.0
derby.system.home=null
Database Class Loader started - derby.database.classpath=''
----------------------------------------------------------------
Wed May 23 11:19:39 ART 2018:
Shutting down instance a816c00e-0163-8d5e-9689-00000e3ddb30 on database directory E:\PlanesDePago\misueniohogar with class loader sun.misc.Launcher$AppClassLoader@355da254 
----------------------------------------------------------------
Wed May 23 11:19:40 ART 2018:
Booting Derby version The Apache Software Foundation - Apache Derby - 10.14.1.0 - (1808820): instance 21abc03b-0163-8d5e-9689-00000e3ddb30 
on database directory E:\PlanesDePago\misueniohogar with class loader sun.misc.Launcher$AppClassLoader@355da254 
Loaded from file:/C:/Users/alkim/.m2/repository/org/apache/derby/derby/10.14.1.0/derby-10.14.1.0.jar
java.vendor=Oracle Corporation
java.runtime.version=1.8.0_121-b13
user.dir=E:\PlanesDePago
os.name=Windows 10
os.arch=amd64
os.version=10.0
derby.system.home=null
Database Class Loader started - derby.database.classpath=''
